<?xml version="1.0" encoding="UTF-8"?>
<testsuite name="CalcTest" tests="1" skipped="0" failures="0" errors="0" timestamp="2022-12-19T17:31:48" hostname="haotn" time="0.01">
  <properties/>
  <testcase name="calcTest()" classname="CalcTest" time="0.01"/>
  <system-out><![CDATA[Testing...
]]></system-out>
  <system-err><![CDATA[]]></system-err>
</testsuite>
