<?xml version="1.0" encoding="UTF-8"?>
<testsuite name="CalcTest" tests="1" skipped="0" failures="0" errors="0" timestamp="2022-12-19T17:08:00" hostname="haotn" time="0.016">
  <properties/>
  <testcase name="calcTest()" classname="CalcTest" time="0.016"/>
  <system-out><![CDATA[]]></system-out>
  <system-err><![CDATA[]]></system-err>
</testsuite>
